{"uuid":"2ad0943f-30f0-4842-bf55-a4781d66f758","historyId":"c98c1fecf0a03bc4687589d09c7613d5","fullName":"register.RegisterMale.registerMaleTest","labels":[{"name":"package","value":"register.RegisterMale"},{"name":"testClass","value":"register.RegisterMale"},{"name":"testMethod","value":"registerMaleTest"},{"name":"parentSuite","value":"DemoCommerceBestPractice Suite"},{"name":"suite","value":"MaleDataTest"},{"name":"subSuite","value":"register.RegisterMale"},{"name":"host","value":"LPCAIQ1302"},{"name":"thread","value":"13668@LPCAIQ1302.main(1)"},{"name":"framework","value":"testng"},{"name":"language","value":"java"}],"links":[],"name":"registerMaleTest","status":"broken","statusDetails":{"known":false,"muted":false,"flaky":false,"message":"Utils.CustomException: The entered selectBy is not a valid Select","trace":"java.lang.RuntimeException: Utils.CustomException: The entered selectBy is not a valid Select\r\n\tat Utils.ActionsPage.select(ActionsPage.java:53)\r\n\tat pages.Register.RegisterPage.selectBirthInfo(RegisterPage.java:61)\r\n\tat pages.Register.RegisterPage.fillRegisterInfoMale(RegisterPage.java:35)\r\n\tat register.RegisterMale.registerMaleTest(RegisterMale.java:20)\r\n\tat java.base/jdk.internal.reflect.NativeMethodAccessorImpl.invoke0(Native Method)\r\n\tat java.base/jdk.internal.reflect.NativeMethodAccessorImpl.invoke(NativeMethodAccessorImpl.java:77)\r\n\tat java.base/jdk.internal.reflect.DelegatingMethodAccessorImpl.invoke(DelegatingMethodAccessorImpl.java:43)\r\n\tat java.base/java.lang.reflect.Method.invoke(Method.java:568)\r\n\tat org.testng.internal.MethodInvocationHelper.invokeMethod(MethodInvocationHelper.java:133)\r\n\tat org.testng.internal.TestInvoker.invokeMethod(TestInvoker.java:598)\r\n\tat org.testng.internal.TestInvoker.invokeTestMethod(TestInvoker.java:173)\r\n\tat org.testng.internal.MethodRunner.runInSequence(MethodRunner.java:46)\r\n\tat org.testng.internal.TestInvoker$MethodInvocationAgent.invoke(TestInvoker.java:824)\r\n\tat org.testng.internal.TestInvoker.invokeTestMethods(TestInvoker.java:146)\r\n\tat org.testng.internal.TestMethodWorker.invokeTestMethods(TestMethodWorker.java:146)\r\n\tat org.testng.internal.TestMethodWorker.run(TestMethodWorker.java:128)\r\n\tat java.base/java.util.ArrayList.forEach(ArrayList.java:1511)\r\n\tat org.testng.TestRunner.privateRun(TestRunner.java:794)\r\n\tat org.testng.TestRunner.run(TestRunner.java:596)\r\n\tat org.testng.SuiteRunner.runTest(SuiteRunner.java:377)\r\n\tat org.testng.SuiteRunner.runSequentially(SuiteRunner.java:371)\r\n\tat org.testng.SuiteRunner.privateRun(SuiteRunner.java:332)\r\n\tat org.testng.SuiteRunner.run(SuiteRunner.java:276)\r\n\tat org.testng.SuiteRunnerWorker.runSuite(SuiteRunnerWorker.java:53)\r\n\tat org.testng.SuiteRunnerWorker.run(SuiteRunnerWorker.java:96)\r\n\tat org.testng.TestNG.runSuitesSequentially(TestNG.java:1212)\r\n\tat org.testng.TestNG.runSuitesLocally(TestNG.java:1134)\r\n\tat org.testng.TestNG.runSuites(TestNG.java:1063)\r\n\tat org.testng.TestNG.run(TestNG.java:1031)\r\n\tat com.intellij.rt.testng.IDEARemoteTestNG.run(IDEARemoteTestNG.java:66)\r\n\tat com.intellij.rt.testng.RemoteTestNGStarter.main(RemoteTestNGStarter.java:105)\r\nCaused by: Utils.CustomException: The entered selectBy is not a valid Select\r\n\tat Utils.ActionsPage.select(ActionsPage.java:51)\r\n\t... 30 more\r\n"},"stage":"finished","steps":[],"attachments":[],"parameters":[{"name":"baseURL","value":"https://demo.nopcommerce.com/"},{"name":"browser","value":"chrome"}],"start":1685131441060,"stop":1685131447925}