<!DOCTYPE html PUBLIC "-//W3C//DTD XHTML 1.1//EN" "https://www.w3.org/TR/xhtml11/DTD/xhtml11.dtd">
<html xmlns="https://www.w3.org/1999/xhtml">
<head>
<meta http-equiv="content-type" content="text/html; charset=UTF-8"/>
<title>TestNG Report</title>
<style type="text/css">table {margin-bottom:10px;border-collapse:collapse;empty-cells:show}th,td {border:1px solid #009;padding:.25em .5em}th {vertical-align:bottom}td {vertical-align:top}table a {font-weight:bold}.stripe td {background-color: #E6EBF9}.num {text-align:right}.passedodd td {background-color: #3F3}.passedeven td {background-color: #0A0}.skippedodd td {background-color: #DDD}.skippedeven td {background-color: #CCC}.failedodd td,.attn {background-color: #F33}.failedeven td,.stripe .attn {background-color: #D00}.stacktrace {white-space:pre;font-family:monospace}.totop {font-size:85%;text-align:center;border-bottom:2px solid #000}.invisible {display:none}</style>
</head>
<body>
<table>
<tr><th>Test</th><th># Passed</th><th># Skipped</th><th># Retried</th><th># Failed</th><th>Time (ms)</th><th>Included Groups</th><th>Excluded Groups</th></tr>
<tr><th colspan="8">DemoCommerceBestPractice Suite</th></tr>
<tr><td><a href="#t0">MaleDataTest</a></td><td class="num">2</td><td class="num">0</td><td class="num">0</td><td class="num">0</td><td class="num">16,174</td><td></td><td></td></tr>
<tr class="stripe"><td><a href="#t1">FemaleDataTest</a></td><td class="num">1</td><td class="num">0</td><td class="num">0</td><td class="num attn">1</td><td class="num">10,734</td><td></td><td></td></tr>
<tr><td><a href="#t2">E2ETest</a></td><td class="num">5</td><td class="num">0</td><td class="num attn">2</td><td class="num attn">3</td><td class="num">49,645</td><td></td><td></td></tr>
<tr><th>Total</th><th class="num">8</th><th class="num">0</th><th class="num attn">2</th><th class="num attn">4</th><th class="num">76,553</th><th colspan="2"></th></tr>
</table>
<table id='summary'><thead><tr><th>Class</th><th>Method</th><th>Start</th><th>Time (ms)</th></tr></thead><tbody><tr><th colspan="4">DemoCommerceBestPractice Suite</th></tr></tbody><tbody id="t0"><tr><th colspan="4">MaleDataTest &#8212; passed</th></tr><tr class="passedeven"><td rowspan="1">login.LoginMale</td><td><a href="#m0">loginMaleTest</a></td><td rowspan="1">1684409254650</td><td rowspan="1">2112</td></tr><tr class="passedodd"><td rowspan="1">register.RegisterMale</td><td><a href="#m1">registerMaleTest</a></td><td rowspan="1">1684409247218</td><td rowspan="1">3004</td></tr></tbody>
<tbody id="t1"><tr><th colspan="4">FemaleDataTest &#8212; failed</th></tr><tr class="failedeven"><td rowspan="1">login.LoginFemale</td><td><a href="#m2">loginFemaleTest</a></td><td rowspan="1">1684409267661</td><td rowspan="1">0</td></tr><tr><th colspan="4">FemaleDataTest &#8212; passed</th></tr><tr class="passedeven"><td rowspan="1">register.RegisterFemale</td><td><a href="#m3">registerFemaleTest</a></td><td rowspan="1">1684409261243</td><td rowspan="1">2613</td></tr></tbody>
<tbody id="t2"><tr><th colspan="4">E2ETest &#8212; failed</th></tr><tr class="failedeven"><td rowspan="1">followus.YouTubeTest</td><td><a href="#m4">followUsTest</a></td><td rowspan="1">1684409308314</td><td rowspan="1">3121</td></tr><tr class="failedodd"><td rowspan="1">shoppingcart.AddingItemOpenCart</td><td><a href="#m5">testAddingItemAndCheckingCartPage</a></td><td rowspan="1">1684409288347</td><td rowspan="1">3877</td></tr><tr class="failedeven"><td rowspan="1">sliders.SlidersTests</td><td><a href="#m6">testSliders</a></td><td rowspan="1">1684409317483</td><td rowspan="1">90</td></tr><tr><th colspan="4">E2ETest &#8212; retried</th></tr><tr class="retriedeven"><td rowspan="2">sliders.SlidersTests</td><td><a href="#m7">testSliders</a></td><td rowspan="2">1684409316601</td><td rowspan="2">97</td></tr><tr class="retriedeven"><td><a href="#m8">testSliders</a></td></tr><tr><th colspan="4">E2ETest &#8212; passed</th></tr><tr class="passedeven"><td rowspan="1">search.SearchTestTags</td><td><a href="#m9">searchTestWithContainedWordAndTags</a></td><td rowspan="1">1684409275713</td><td rowspan="1">2541</td></tr><tr class="passedodd"><td rowspan="1">search.SearchTestWord</td><td><a href="#m10">searchTestWithContainedWord</a></td><td rowspan="1">1684409271712</td><td rowspan="1">808</td></tr><tr class="passedeven"><td rowspan="1">shoppingcart.AddingItemCheckCount</td><td><a href="#m11">testAddingItemAndCheckingCount</a></td><td rowspan="1">1684409282095</td><td rowspan="1">3336</td></tr><tr class="passedodd"><td rowspan="1">wishlist.AddingItemCheckingCount</td><td><a href="#m12">testAddingItemAndCheckingCount</a></td><td rowspan="1">1684409295416</td><td rowspan="1">2719</td></tr><tr class="passedeven"><td rowspan="1">wishlist.AddingItemOpenWish</td><td><a href="#m13">testAddingItemAndCheckingWishListPage</a></td><td rowspan="1">1684409301151</td><td rowspan="1">4119</td></tr></tbody>
</table>
<h2>MaleDataTest</h2><h3 id="m0">login.LoginMale#loginMaleTest</h3><table class="result"><tr><th class="invisible"/></tr></table><p class="totop"><a href="#summary">back to summary</a></p>
<h3 id="m1">register.RegisterMale#registerMaleTest</h3><table class="result"><tr><th class="invisible"/></tr></table><p class="totop"><a href="#summary">back to summary</a></p>
<h2>FemaleDataTest</h2><h3 id="m2">login.LoginFemale#loginFemaleTest</h3><table class="result"><tr><th>Exception</th></tr><tr><td><div class="stacktrace">Unexpected character (D) at position 0.
	at org.json.simple.parser.Yylex.yylex(Unknown Source)
	at org.json.simple.parser.JSONParser.nextToken(Unknown Source)
	at org.json.simple.parser.JSONParser.parse(Unknown Source)
	at org.json.simple.parser.JSONParser.parse(Unknown Source)
	at org.json.simple.parser.JSONParser.parse(Unknown Source)
	at login.LoginFemale.loginFemaleTest(LoginFemale.java:22)
	at java.base/java.util.ArrayList.forEach(ArrayList.java:1511)
... Removed 27 stack frames</div></td></tr></table><p class="totop"><a href="#summary">back to summary</a></p>
<h3 id="m3">register.RegisterFemale#registerFemaleTest</h3><table class="result"><tr><th class="invisible"/></tr></table><p class="totop"><a href="#summary">back to summary</a></p>
<h2>E2ETest</h2><h3 id="m4">followus.YouTubeTest#followUsTest</h3><table class="result"><tr><th>Exception</th></tr><tr><td><div class="stacktrace">java.lang.AssertionError: Twitter page isn&apos;t opened expected [true] but found [false]
	at followus.YouTubeTest.followUsTest(FollowUsTests.java:21)
	at java.base/java.util.ArrayList.forEach(ArrayList.java:1511)
... Removed 30 stack frames</div></td></tr></table><p class="totop"><a href="#summary">back to summary</a></p>
<h3 id="m5">shoppingcart.AddingItemOpenCart#testAddingItemAndCheckingCartPage</h3><table class="result"><tr><th>Exception</th></tr><tr><td><div class="stacktrace">org.openqa.selenium.ElementClickInterceptedException: element click intercepted: Element &lt;span class=&quot;cart-label&quot;&gt;...&lt;/span&gt; is not clickable at point (1286, 22). Other element would receive the click: &lt;p class=&quot;content&quot;&gt;...&lt;/p&gt;
  (Session info: chrome=113.0.5672.126)
Build info: version: &apos;4.9.1&apos;, revision: &apos;eb2032df7f&apos;
System info: os.name: &apos;Windows 11&apos;, os.arch: &apos;amd64&apos;, os.version: &apos;10.0&apos;, java.version: &apos;17.0.7&apos;
Driver info: org.openqa.selenium.chrome.ChromeDriver
Command: [6fbd9c208e4ea2c09e5a33006423c256, clickElement {id=035A6F749D3BD38CC7F2AED122E14D89_element_56}]
Capabilities {acceptInsecureCerts: false, browserName: chrome, browserVersion: 113.0.5672.126, chrome: {chromedriverVersion: 113.0.5672.63 (0e1a4471d5ae..., userDataDir: C:\Users\magamy\AppData\Loc...}, goog:chromeOptions: {debuggerAddress: localhost:64696}, networkConnectionEnabled: false, pageLoadStrategy: normal, platformName: windows, proxy: Proxy(), se:cdp: ws://localhost:64696/devtoo..., se:cdpVersion: 113.0.5672.126, setWindowRect: true, strictFileInteractability: false, timeouts: {implicit: 0, pageLoad: 300000, script: 30000}, unhandledPromptBehavior: dismiss and notify, webauthn:extension:credBlob: true, webauthn:extension:largeBlob: true, webauthn:extension:minPinLength: true, webauthn:extension:prf: true, webauthn:virtualAuthenticators: true}
Element: [[ChromeDriver: chrome on windows (6fbd9c208e4ea2c09e5a33006423c256)] -&gt; xpath: //span[@class=&apos;cart-label&apos;]]
Session ID: 6fbd9c208e4ea2c09e5a33006423c256
	at org.openqa.selenium.remote.codec.w3c.W3CHttpResponseCodec.createException(W3CHttpResponseCodec.java:200)
	at org.openqa.selenium.remote.codec.w3c.W3CHttpResponseCodec.decode(W3CHttpResponseCodec.java:133)
	at org.openqa.selenium.remote.codec.w3c.W3CHttpResponseCodec.decode(W3CHttpResponseCodec.java:53)
	at org.openqa.selenium.remote.HttpCommandExecutor.execute(HttpCommandExecutor.java:193)
	at org.openqa.selenium.remote.service.DriverCommandExecutor.invokeExecute(DriverCommandExecutor.java:183)
	at org.openqa.selenium.remote.service.DriverCommandExecutor.execute(DriverCommandExecutor.java:158)
	at org.openqa.selenium.remote.RemoteWebDriver.execute(RemoteWebDriver.java:543)
	at org.openqa.selenium.remote.RemoteWebElement.execute(RemoteWebElement.java:257)
	at org.openqa.selenium.remote.RemoteWebElement.click(RemoteWebElement.java:78)
	at pages.Product.ProductPage.clickCartPageBtn(ProductPage.java:103)
	at shoppingcart.AddingItemOpenCart.testAddingItemAndCheckingCartPage(AddingItemOpenCart.java:25)
	at java.base/java.util.ArrayList.forEach(ArrayList.java:1511)
... Removed 32 stack frames</div></td></tr></table><p class="totop"><a href="#summary">back to summary</a></p>
<h3 id="m6">sliders.SlidersTests#testSliders</h3><table class="result"><tr><th>Exception</th></tr><tr><td><div class="stacktrace">java.lang.AssertionError: Assertion fail expected [true] but found [false]
	at sliders.SlidersTests.testSliders(SlidersTests.java:14)
	at java.base/java.util.ArrayList.forEach(ArrayList.java:1511)
... Removed 30 stack frames</div></td></tr></table><p class="totop"><a href="#summary">back to summary</a></p>
<h3 id="m7">sliders.SlidersTests#testSliders</h3><table class="result"><tr><th>Exception</th></tr><tr><td><div class="stacktrace">java.lang.AssertionError: Assertion fail expected [true] but found [false]
	at sliders.SlidersTests.testSliders(SlidersTests.java:14)
	at java.base/java.util.ArrayList.forEach(ArrayList.java:1511)
... Removed 30 stack frames</div></td></tr></table><p class="totop"><a href="#summary">back to summary</a></p>
<h3 id="m8">sliders.SlidersTests#testSliders</h3><table class="result"><tr><th>Exception</th></tr><tr><td><div class="stacktrace">java.lang.AssertionError: Assertion fail expected [true] but found [false]
	at sliders.SlidersTests.testSliders(SlidersTests.java:14)
	at java.base/java.util.ArrayList.forEach(ArrayList.java:1511)
... Removed 30 stack frames</div></td></tr></table><p class="totop"><a href="#summary">back to summary</a></p>
<h3 id="m9">search.SearchTestTags#searchTestWithContainedWordAndTags</h3><table class="result"><tr><th class="invisible"/></tr></table><p class="totop"><a href="#summary">back to summary</a></p>
<h3 id="m10">search.SearchTestWord#searchTestWithContainedWord</h3><table class="result"><tr><th class="invisible"/></tr></table><p class="totop"><a href="#summary">back to summary</a></p>
<h3 id="m11">shoppingcart.AddingItemCheckCount#testAddingItemAndCheckingCount</h3><table class="result"><tr><th class="invisible"/></tr></table><p class="totop"><a href="#summary">back to summary</a></p>
<h3 id="m12">wishlist.AddingItemCheckingCount#testAddingItemAndCheckingCount</h3><table class="result"><tr><th class="invisible"/></tr></table><p class="totop"><a href="#summary">back to summary</a></p>
<h3 id="m13">wishlist.AddingItemOpenWish#testAddingItemAndCheckingWishListPage</h3><table class="result"><tr><th class="invisible"/></tr></table><p class="totop"><a href="#summary">back to summary</a></p>
</body>
</html>
