<?xml version="1.0" encoding="UTF-8"?>
<!-- Generated by org.testng.reporters.JUnitXMLReporter -->
<testsuite ignored="0" hostname="LPCAIQ1302" failures="3" tests="10" name="E2ETest" time="49.645" errors="0" timestamp="2023-05-18T14:28:38 AST">
  <testcase classname="search.SearchTestWord" name="searchTestWithContainedWord" time="0.808"/>
  <testcase classname="search.SearchTestTags" name="searchTestWithContainedWordAndTags" time="2.541"/>
  <testcase classname="shoppingcart.AddingItemCheckCount" name="testAddingItemAndCheckingCount" time="3.336"/>
  <testcase classname="shoppingcart.AddingItemOpenCart" name="testAddingItemAndCheckingCartPage" time="3.877">
    <failure type="org.openqa.selenium.ElementClickInterceptedException" message="element click intercepted: Element &amp;lt;span class=&amp;quot;cart-label&amp;quot;&amp;gt;...&amp;lt;/span&amp;gt; is not clickable at point (1286, 22). Other element would receive the click: &amp;lt;p class=&amp;quot;content&amp;quot;&amp;gt;...&amp;lt;/p&amp;gt;
  (Session info: chrome=113.0.5672.126)
Build info: version: &amp;apos;4.9.1&amp;apos;, revision: &amp;apos;eb2032df7f&amp;apos;
System info: os.name: &amp;apos;Windows 11&amp;apos;, os.arch: &amp;apos;amd64&amp;apos;, os.version: &amp;apos;10.0&amp;apos;, java.version: &amp;apos;17.0.7&amp;apos;
Driver info: org.openqa.selenium.chrome.ChromeDriver
Command: [6fbd9c208e4ea2c09e5a33006423c256, clickElement {id=035A6F749D3BD38CC7F2AED122E14D89_element_56}]
Capabilities {acceptInsecureCerts: false, browserName: chrome, browserVersion: 113.0.5672.126, chrome: {chromedriverVersion: 113.0.5672.63 (0e1a4471d5ae..., userDataDir: C:\Users\magamy\AppData\Loc...}, goog:chromeOptions: {debuggerAddress: localhost:64696}, networkConnectionEnabled: false, pageLoadStrategy: normal, platformName: windows, proxy: Proxy(), se:cdp: ws://localhost:64696/devtoo..., se:cdpVersion: 113.0.5672.126, setWindowRect: true, strictFileInteractability: false, timeouts: {implicit: 0, pageLoad: 300000, script: 30000}, unhandledPromptBehavior: dismiss and notify, webauthn:extension:credBlob: true, webauthn:extension:largeBlob: true, webauthn:extension:minPinLength: true, webauthn:extension:prf: true, webauthn:virtualAuthenticators: true}
Element: [[ChromeDriver: chrome on windows (6fbd9c208e4ea2c09e5a33006423c256)] -&amp;gt; xpath: //span[@class=&amp;apos;cart-label&amp;apos;]]
Session ID: 6fbd9c208e4ea2c09e5a33006423c256">
      <![CDATA[org.openqa.selenium.ElementClickInterceptedException: element click intercepted: Element <span class="cart-label">...</span> is not clickable at point (1286, 22). Other element would receive the click: <p class="content">...</p>
  (Session info: chrome=113.0.5672.126)
Build info: version: '4.9.1', revision: 'eb2032df7f'
System info: os.name: 'Windows 11', os.arch: 'amd64', os.version: '10.0', java.version: '17.0.7'
Driver info: org.openqa.selenium.chrome.ChromeDriver
Command: [6fbd9c208e4ea2c09e5a33006423c256, clickElement {id=035A6F749D3BD38CC7F2AED122E14D89_element_56}]
Capabilities {acceptInsecureCerts: false, browserName: chrome, browserVersion: 113.0.5672.126, chrome: {chromedriverVersion: 113.0.5672.63 (0e1a4471d5ae..., userDataDir: C:\Users\magamy\AppData\Loc...}, goog:chromeOptions: {debuggerAddress: localhost:64696}, networkConnectionEnabled: false, pageLoadStrategy: normal, platformName: windows, proxy: Proxy(), se:cdp: ws://localhost:64696/devtoo..., se:cdpVersion: 113.0.5672.126, setWindowRect: true, strictFileInteractability: false, timeouts: {implicit: 0, pageLoad: 300000, script: 30000}, unhandledPromptBehavior: dismiss and notify, webauthn:extension:credBlob: true, webauthn:extension:largeBlob: true, webauthn:extension:minPinLength: true, webauthn:extension:prf: true, webauthn:virtualAuthenticators: true}
Element: [[ChromeDriver: chrome on windows (6fbd9c208e4ea2c09e5a33006423c256)] -> xpath: //span[@class='cart-label']]
Session ID: 6fbd9c208e4ea2c09e5a33006423c256
at org.openqa.selenium.remote.codec.w3c.W3CHttpResponseCodec.createException(W3CHttpResponseCodec.java:200)
at org.openqa.selenium.remote.codec.w3c.W3CHttpResponseCodec.decode(W3CHttpResponseCodec.java:133)
at org.openqa.selenium.remote.codec.w3c.W3CHttpResponseCodec.decode(W3CHttpResponseCodec.java:53)
at org.openqa.selenium.remote.HttpCommandExecutor.execute(HttpCommandExecutor.java:193)
at org.openqa.selenium.remote.service.DriverCommandExecutor.invokeExecute(DriverCommandExecutor.java:183)
at org.openqa.selenium.remote.service.DriverCommandExecutor.execute(DriverCommandExecutor.java:158)
at org.openqa.selenium.remote.RemoteWebDriver.execute(RemoteWebDriver.java:543)
at org.openqa.selenium.remote.RemoteWebElement.execute(RemoteWebElement.java:257)
at org.openqa.selenium.remote.RemoteWebElement.click(RemoteWebElement.java:78)
at pages.Product.ProductPage.clickCartPageBtn(ProductPage.java:103)
at shoppingcart.AddingItemOpenCart.testAddingItemAndCheckingCartPage(AddingItemOpenCart.java:25)
at java.base/java.util.ArrayList.forEach(ArrayList.java:1511)
... Removed 32 stack frames]]>
    </failure>
  </testcase> <!-- testAddingItemAndCheckingCartPage -->
  <testcase classname="wishlist.AddingItemCheckingCount" name="testAddingItemAndCheckingCount" time="2.719"/>
  <testcase classname="wishlist.AddingItemOpenWish" name="testAddingItemAndCheckingWishListPage" time="4.119"/>
  <testcase classname="followus.YouTubeTest" name="followUsTest" time="3.121">
    <failure type="java.lang.AssertionError" message="Twitter page isn&amp;apos;t opened expected [true] but found [false]">
      <![CDATA[java.lang.AssertionError: Twitter page isn't opened expected [true] but found [false]
at followus.YouTubeTest.followUsTest(FollowUsTests.java:21)
at java.base/java.util.ArrayList.forEach(ArrayList.java:1511)
... Removed 30 stack frames]]>
    </failure>
  </testcase> <!-- followUsTest -->
  <testcase classname="sliders.SlidersTests" name="testSliders" time="0.097">
    <skipped/>
  </testcase> <!-- testSliders -->
  <testcase classname="sliders.SlidersTests" name="testSliders" time="0.059">
    <skipped/>
  </testcase> <!-- testSliders -->
  <testcase classname="sliders.SlidersTests" name="testSliders" time="0.09">
    <failure type="java.lang.AssertionError" message="Assertion fail expected [true] but found [false]">
      <![CDATA[java.lang.AssertionError: Assertion fail expected [true] but found [false]
at sliders.SlidersTests.testSliders(SlidersTests.java:14)
at java.base/java.util.ArrayList.forEach(ArrayList.java:1511)
... Removed 30 stack frames]]>
    </failure>
  </testcase> <!-- testSliders -->
</testsuite> <!-- E2ETest -->
